<?xml version="1.0" encoding="UTF-8" ?>
<!--
 * Copyright 2016 ThoughtWorks, Inc.
 *
 * Licensed under the Apache License, Version 2.0 (the "License");
 * you may not use this file except in compliance with the License.
 * You may obtain a copy of the License at
 *
 *  http://www.apache.org/licenses/LICENSE-2.0
 *
 * Unless required by applicable law or agreed to in writing, software
 * distributed under the License is distributed on an "AS IS" BASIS,
 * WITHOUT WARRANTIES OR CONDITIONS OF ANY KIND, either express or implied.
 * See the License for the specific language governing permissions and
 * limitations under the License.
 -->
<testsuites>
<testsuite errors="0" failures="0" hostname="hello" name="com.NameTest" tests="1" time="0.645" timestamp="2016-02-03T08:26:21">
  <properties>
    <property name="name1" value="value1" />
    <property name="name2" value="value2" />
  </properties>
  <testcase classname="com.NameTest" name="shouldTestSomething" time="0.456" />
  <system-out><![CDATA[some stdout output]]></system-out>
  <system-err><![CDATA[some stderr output]]></system-err>
</testsuite>
</testsuites>
