<?xml version="1.0" encoding="UTF-8" ?>
<!--
 * Copyright 2016 ThoughtWorks, Inc.
 *
 * Licensed under the Apache License, Version 2.0 (the "License");
 * you may not use this file except in compliance with the License.
 * You may obtain a copy of the License at
 *
 *  http://www.apache.org/licenses/LICENSE-2.0
 *
 * Unless required by applicable law or agreed to in writing, software
 * distributed under the License is distributed on an "AS IS" BASIS,
 * WITHOUT WARRANTIES OR CONDITIONS OF ANY KIND, either express or implied.
 * See the License for the specific language governing permissions and
 * limitations under the License.
 -->
<testsuite errors="0" failures="1" hostname="hello" name="com.WorldTest" tests="2" time="0.553" timestamp="2016-02-03T08:26:23">
  <properties>
    <property name="name1" value="value1" />
    <property name="name2" value="value2" />
  </properties>
  <testcase classname="com.WorldTest" name="shouldTestSomething" time="0.332" />
  <testcase classname="com.WorldTest" name="shouldTestSomethingElse" time="0.221" >
    <failure message="
Expected: is &lt;3&gt;
     got: &lt;7&gt;
" type="junit.framework.AssertionFailedError"><![CDATA[junit.framework.AssertionFailedError:
Expected: is &lt;3&gt;
     got: &lt;7&gt;

Expected: is &lt;3&gt;
     got: &lt;7&gt;

	at com.WorldTest.shouldTestSomethingElse(WorldTest.java:10)
	at org.jmock.integration.junit4.JMock$1.invoke(JMock.java:36)
]]></failure>
  </testcase>

  <system-out><![CDATA[some stdout output]]></system-out>
  <system-err><![CDATA[some stderr output]]></system-err>
</testsuite>
